<?xml version="1.0" encoding="UTF-8"?>
<!-- Generated by org.testng.reporters.JUnitReportReporter -->
<testsuite hostname="LAPTOP-NOHDOCMK" failures="0" tests="3" name="project.PathScenariosTest" time="3.904" errors="0" timestamp="2020-07-19T14:42:11 IST" skipped="0">
  <testcase classname="project.PathScenariosTest" name="responseLog" time="1.166"/>
  <system-out/>
  <testcase classname="project.PathScenariosTest" name="PrepareSpecification" time="2.173"/>
  <system-out/>
  <testcase classname="project.PathScenariosTest" name="rootPathAndJsonRest" time="0.565"/>
  <system-out/>
</testsuite> <!-- project.PathScenariosTest -->
