<?xml version="1.0" encoding="UTF-8"?>
<!-- Generated by org.testng.reporters.JUnitReportReporter -->
<testsuite hostname="LAPTOP-NOHDOCMK" failures="0" tests="3" name="project.PathScenarios" time="2.513" errors="0" timestamp="2020-07-17T15:22:06 IST" skipped="2">
  <testcase classname="project.PathScenarios" name="PrepareSpecification" time="2.513"/>
  <system-out/>
  <testcase classname="project.PathScenarios" name="responseLog">
    <skipped/>
  </testcase> <!-- responseLog -->
  <system-out/>
  <testcase classname="project.PathScenarios" name="rootPathAndJsonRest">
    <skipped/>
  </testcase> <!-- rootPathAndJsonRest -->
  <system-out/>
</testsuite> <!-- project.PathScenarios -->
