<?xml version="1.0" encoding="UTF-8"?>
<!-- Generated by org.testng.reporters.JUnitReportReporter -->
<testsuite hostname="LAPTOP-NOHDOCMK" failures="0" tests="2" name="project.TestClassFirst" time="2.084" errors="0" timestamp="2020-07-19T14:53:38 IST" skipped="1">
  <testcase classname="project.TestClassFirst" name="getListOfUsers1" time="2.084"/>
  <system-out/>
  <testcase classname="project.TestClassFirst" name="getListOfUsers">
    <skipped/>
  </testcase> <!-- getListOfUsers -->
  <system-out/>
</testsuite> <!-- project.TestClassFirst -->
