<?xml version="1.0" encoding="UTF-8"?>
<!-- Generated by org.testng.reporters.JUnitReportReporter -->
<testsuite hostname="LAPTOP-NOHDOCMK" failures="0" tests="3" name="project.PostTest" time="3.344" errors="0" timestamp="2020-07-19T14:47:24 IST" skipped="1">
  <testcase classname="project.PostTest" name="postBodyUsingJsonObject" time="0.616"/>
  <system-out/>
  <testcase classname="project.PostTest" name="getListOfUsers" time="2.728"/>
  <system-out/>
  <testcase classname="project.PostTest" name="getListOfUsersUsingFileRead">
    <skipped/>
  </testcase> <!-- getListOfUsersUsingFileRead -->
  <system-out/>
</testsuite> <!-- project.PostTest -->
