<?xml version="1.0" encoding="UTF-8"?>
<!-- Generated by org.testng.reporters.JUnitReportReporter -->
<testsuite hostname="LAPTOP-NOHDOCMK" failures="0" tests="1" name="project.PassingParamToOtherAPI" time="3.143" errors="0" timestamp="2020-07-19T14:42:26 IST" skipped="0">
  <testcase classname="project.PassingParamToOtherAPI" name="getListOfUsers" time="3.143"/>
  <system-out/>
</testsuite> <!-- project.PassingParamToOtherAPI -->
