<?xml version="1.0" encoding="UTF-8"?>
<!-- Generated by org.testng.reporters.JUnitReportReporter -->
<testsuite hostname="LAPTOP-NOHDOCMK" failures="0" tests="6" name="project.ParameterTest" time="5.494" errors="0" timestamp="2020-07-16T15:30:02 IST" skipped="0">
  <testcase classname="project.ParameterTest" name="getSingleUser" time="0.600"/>
  <system-out/>
  <testcase classname="project.ParameterTest" name="getListOfUsers" time="0.591"/>
  <system-out/>
  <testcase classname="project.ParameterTest" name="getListOfUsers" time="2.551"/>
  <system-out/>
  <testcase classname="project.ParameterTest" name="getSingleUser" time="0.577"/>
  <system-out/>
  <testcase classname="project.ParameterTest" name="getSingleUser" time="0.578"/>
  <system-out/>
  <testcase classname="project.ParameterTest" name="getListOfUsers" time="0.597"/>
  <system-out/>
</testsuite> <!-- project.ParameterTest -->
