<?xml version="1.0" encoding="UTF-8"?>
<!-- Generated by org.testng.reporters.JUnitReportReporter -->
<testsuite hostname="LAPTOP-NOHDOCMK" failures="0" tests="1" name="project.ParameterTest2" time="4.353" errors="0" timestamp="2020-07-16T15:50:31 IST" skipped="0">
  <testcase classname="project.ParameterTest2" name="getListOfUsers" time="4.353"/>
  <system-out/>
</testsuite> <!-- project.ParameterTest2 -->
