<?xml version="1.0" encoding="UTF-8"?>
<!-- Generated by org.testng.reporters.JUnitReportReporter -->
<testsuite hostname="LAPTOP-NOHDOCMK" failures="0" tests="2" name="project.Basics1Test" time="2.656" errors="0" timestamp="2020-07-19T14:55:08 IST" skipped="0">
  <testcase classname="project.Basics1Test" name="getListOfUsers" time="2.084"/>
  <system-out/>
  <testcase classname="project.Basics1Test" name="getListOfUsers1" time="0.572"/>
  <system-out/>
</testsuite> <!-- project.Basics1Test -->
